<?xml version="1.0" encoding="UTF-8"?>
<testng-results skipped="0" failed="0" ignored="0" total="1" passed="1">
  <reporter-output>
  </reporter-output>
  <suite name="Suite" duration-ms="102550" started-at="2020-06-09T12:10:56 ICT" finished-at="2020-06-09T12:12:39 ICT">
    <groups>
    </groups>
    <test name="Test" duration-ms="102550" started-at="2020-06-09T12:10:56 ICT" finished-at="2020-06-09T12:12:39 ICT">
      <class name="test.LoginPageTest">
        <test-method status="PASS" signature="initWebDriver()[pri:0, instance:test.LoginPageTest@29ca901e]" name="initWebDriver" is-config="true" duration-ms="25481" started-at="2020-06-09T12:10:56 ICT" finished-at="2020-06-09T12:11:22 ICT">
          <reporter-output>
          </reporter-output>
        </test-method> <!-- initWebDriver -->
        <test-method status="PASS" signature="loginAsAdminTest()[pri:0, instance:test.LoginPageTest@29ca901e]" name="loginAsAdminTest" duration-ms="74148" started-at="2020-06-09T12:11:22 ICT" finished-at="2020-06-09T12:12:36 ICT">
          <reporter-output>
          </reporter-output>
        </test-method> <!-- loginAsAdminTest -->
        <test-method status="PASS" signature="closeWebDriver()[pri:0, instance:test.LoginPageTest@29ca901e]" name="closeWebDriver" is-config="true" duration-ms="2584" started-at="2020-06-09T12:12:36 ICT" finished-at="2020-06-09T12:12:39 ICT">
          <reporter-output>
          </reporter-output>
        </test-method> <!-- closeWebDriver -->
      </class> <!-- test.LoginPageTest -->
    </test> <!-- Test -->
  </suite> <!-- Suite -->
</testng-results>
